<?xml version="1.0" encoding="UTF-8"?>
<testng-results ignored="0" total="3" passed="2" failed="1" skipped="0">
  <reporter-output>
  </reporter-output>
  <suite started-at="2020-03-15T10:23:44Z" name="Suite" finished-at="2020-03-15T10:23:44Z" duration-ms="82">
    <groups>
    </groups>
    <test started-at="2020-03-15T10:23:44Z" name="Test" finished-at="2020-03-15T10:23:44Z" duration-ms="82">
      <class name="continuous.demo">
        <test-method is-config="true" signature="launchDriver()[pri:0, instance:continuous.demo@a38c7fe]" started-at="2020-03-15T10:23:44Z" name="launchDriver" finished-at="2020-03-15T10:23:44Z" duration-ms="7" status="PASS">
          <reporter-output>
          </reporter-output>
        </test-method> <!-- launchDriver -->
        <test-method signature="Test1()[pri:0, instance:continuous.demo@a38c7fe]" started-at="2020-03-15T10:23:44Z" name="Test1" finished-at="2020-03-15T10:23:44Z" duration-ms="8" status="PASS">
          <reporter-output>
          </reporter-output>
        </test-method> <!-- Test1 -->
        <test-method is-config="true" signature="quit(org.testng.ITestResult)[pri:0, instance:continuous.demo@a38c7fe]" started-at="2020-03-15T10:23:44Z" name="quit" finished-at="2020-03-15T10:23:44Z" duration-ms="2" status="PASS">
          <params>
            <param index="0">
              <value>
                <![CDATA[[TestResult name=Test1 status=SUCCESS method=demo.Test1()[pri:0, instance:continuous.demo@a38c7fe] output={null}]]]>
              </value>
            </param>
          </params>
          <reporter-output>
          </reporter-output>
        </test-method> <!-- quit -->
        <test-method is-config="true" signature="launchDriver()[pri:0, instance:continuous.demo@a38c7fe]" started-at="2020-03-15T10:23:44Z" name="launchDriver" finished-at="2020-03-15T10:23:44Z" duration-ms="0" status="PASS">
          <reporter-output>
          </reporter-output>
        </test-method> <!-- launchDriver -->
        <test-method signature="Test2()[pri:0, instance:continuous.demo@a38c7fe]" started-at="2020-03-15T10:23:44Z" name="Test2" finished-at="2020-03-15T10:23:44Z" duration-ms="6" status="FAIL">
          <exception class="java.lang.AssertionError">
            <message>
              <![CDATA[expected [3] but found [2]]]>
            </message>
            <full-stacktrace>
              <![CDATA[java.lang.AssertionError: expected [3] but found [2]
at org.testng.Assert.fail(Assert.java:96)
at org.testng.Assert.failNotEquals(Assert.java:776)
at org.testng.Assert.assertEqualsImpl(Assert.java:137)
at org.testng.Assert.assertEquals(Assert.java:118)
at org.testng.Assert.assertEquals(Assert.java:652)
at org.testng.Assert.assertEquals(Assert.java:662)
at continuous.demo.Test2(demo.java:52)
at java.base/jdk.internal.reflect.NativeMethodAccessorImpl.invoke0(Native Method)
at java.base/jdk.internal.reflect.NativeMethodAccessorImpl.invoke(NativeMethodAccessorImpl.java:62)
at java.base/jdk.internal.reflect.DelegatingMethodAccessorImpl.invoke(DelegatingMethodAccessorImpl.java:43)
at java.base/java.lang.reflect.Method.invoke(Method.java:567)
at org.testng.internal.MethodInvocationHelper.invokeMethod(MethodInvocationHelper.java:124)
at org.testng.internal.Invoker.invokeMethod(Invoker.java:583)
at org.testng.internal.Invoker.invokeTestMethod(Invoker.java:719)
at org.testng.internal.Invoker.invokeTestMethods(Invoker.java:989)
at org.testng.internal.TestMethodWorker.invokeTestMethods(TestMethodWorker.java:125)
at org.testng.internal.TestMethodWorker.run(TestMethodWorker.java:109)
at org.testng.TestRunner.privateRun(TestRunner.java:648)
at org.testng.TestRunner.run(TestRunner.java:505)
at org.testng.SuiteRunner.runTest(SuiteRunner.java:455)
at org.testng.SuiteRunner.runSequentially(SuiteRunner.java:450)
at org.testng.SuiteRunner.privateRun(SuiteRunner.java:415)
at org.testng.SuiteRunner.run(SuiteRunner.java:364)
at org.testng.SuiteRunnerWorker.runSuite(SuiteRunnerWorker.java:52)
at org.testng.SuiteRunnerWorker.run(SuiteRunnerWorker.java:84)
at org.testng.TestNG.runSuitesSequentially(TestNG.java:1208)
at org.testng.TestNG.runSuitesLocally(TestNG.java:1137)
at org.testng.TestNG.runSuites(TestNG.java:1049)
at org.testng.TestNG.run(TestNG.java:1017)
at org.testng.remote.AbstractRemoteTestNG.run(AbstractRemoteTestNG.java:115)
at org.testng.remote.RemoteTestNG.initAndRun(RemoteTestNG.java:251)
at org.testng.remote.RemoteTestNG.main(RemoteTestNG.java:77)
]]>
            </full-stacktrace>
          </exception> <!-- java.lang.AssertionError -->
          <reporter-output>
          </reporter-output>
        </test-method> <!-- Test2 -->
        <test-method is-config="true" signature="quit(org.testng.ITestResult)[pri:0, instance:continuous.demo@a38c7fe]" started-at="2020-03-15T10:23:44Z" name="quit" finished-at="2020-03-15T10:23:44Z" duration-ms="1" status="PASS">
          <params>
            <param index="0">
              <value>
                <![CDATA[[TestResult name=Test2 status=FAILURE method=demo.Test2()[pri:0, instance:continuous.demo@a38c7fe] output={null}]]]>
              </value>
            </param>
          </params>
          <reporter-output>
          </reporter-output>
        </test-method> <!-- quit -->
        <test-method signature="Test3()[pri:0, instance:continuous.demo@a38c7fe]" started-at="2020-03-15T10:23:44Z" name="Test3" finished-at="2020-03-15T10:23:44Z" duration-ms="1" status="PASS">
          <reporter-output>
          </reporter-output>
        </test-method> <!-- Test3 -->
        <test-method is-config="true" signature="launchDriver()[pri:0, instance:continuous.demo@a38c7fe]" started-at="2020-03-15T10:23:44Z" name="launchDriver" finished-at="2020-03-15T10:23:44Z" duration-ms="0" status="PASS">
          <reporter-output>
          </reporter-output>
        </test-method> <!-- launchDriver -->
        <test-method is-config="true" signature="quit(org.testng.ITestResult)[pri:0, instance:continuous.demo@a38c7fe]" started-at="2020-03-15T10:23:44Z" name="quit" finished-at="2020-03-15T10:23:44Z" duration-ms="0" status="PASS">
          <params>
            <param index="0">
              <value>
                <![CDATA[[TestResult name=Test3 status=SUCCESS method=demo.Test3()[pri:0, instance:continuous.demo@a38c7fe] output={null}]]]>
              </value>
            </param>
          </params>
          <reporter-output>
          </reporter-output>
        </test-method> <!-- quit -->
      </class> <!-- continuous.demo -->
    </test> <!-- Test -->
  </suite> <!-- Suite -->
</testng-results>
